<?xml version="1.0" encoding="UTF-8"?>
<!-- Generated by org.testng.reporters.JUnitReportReporter -->
<testsuite hostname="TVMATP379598D" failures="0" tests="2" name="com.qa.crm.testcases.LoginPageTest" time="22.358" errors="0" timestamp="12 Mar 2020 13:01:59 GMT">
  <testcase classname="com.qa.crm.testcases.LoginPageTest" name="loginPageTitleTest" time="10.881"/>
  <testcase classname="com.qa.crm.testcases.LoginPageTest" name="LoginTest" time="11.477"/>
</testsuite> <!-- com.qa.crm.testcases.LoginPageTest -->
