<?xml version="1.0" encoding="UTF-8"?>
<!-- Generated by org.testng.reporters.JUnitReportReporter -->
<testsuite hostname="TVMATP379598D" failures="0" tests="3" name="com.qa.crm.testcases.HomePageTest" time="35.591" errors="0" timestamp="13 Mar 2020 13:24:00 GMT">
  <testcase classname="com.qa.crm.testcases.HomePageTest" name="verifyHomePageTitleTest" time="10.149"/>
  <testcase classname="com.qa.crm.testcases.HomePageTest" name="verifyHomePageUserName" time="13.833"/>
  <testcase classname="com.qa.crm.testcases.HomePageTest" name="VerifyContactsLinkTest" time="11.609"/>
</testsuite> <!-- com.qa.crm.testcases.HomePageTest -->
