<?xml version="1.0" encoding="UTF-8"?>
<!-- Generated by org.testng.reporters.JUnitReportReporter -->
<testsuite hostname="TVMATP379598D" failures="0" tests="1" name="com.qa.crm.testcases.HomePageTest" time="11.158" errors="0" timestamp="12 Mar 2020 13:46:27 GMT">
  <testcase classname="com.qa.crm.testcases.HomePageTest" name="verifyHomePageTitleTest" time="11.158"/>
</testsuite> <!-- com.qa.crm.testcases.HomePageTest -->
